[INFO ] 2019-07-29T05:43:49,341 [main] ServerKt - Starting ServerKt on DESKTOP-S3KK2KJ with PID 7376 (C:\Users\Hafsa\Downloads\Aspire-20190723\Aspire-20190723\clients\build\classes\kotlin\main started by Hafsa in C:\Users\Hafsa\Downloads\Aspire-20190723\Aspire-20190723\clients)
[INFO ] 2019-07-29T05:43:49,356 [main] ServerKt - No active profile set, falling back to default profiles: default
[INFO ] 2019-07-29T05:43:49,403 [main] AnnotationConfigServletWebServerApplicationContext - Refreshing org.springframework.boot.web.servlet.context.AnnotationConfigServletWebServerApplicationContext@10fde30a: startup date [Mon Jul 29 10:43:49 PKT 2019]; root of context hierarchy
[INFO ] 2019-07-29T05:43:50,777 [main] TomcatWebServer - Tomcat initialized with port(s): 11006 (http)
[INFO ] 2019-07-29T05:43:50,809 [main] Http11NioProtocol - Initializing ProtocolHandler ["http-nio-11006"]
[INFO ] 2019-07-29T05:43:50,809 [main] StandardService - Starting service [Tomcat]
[INFO ] 2019-07-29T05:43:50,809 [main] StandardEngine - Starting Servlet Engine: Apache Tomcat/8.5.31
[INFO ] 2019-07-29T05:43:50,831 [localhost-startStop-1] AprLifecycleListener - The APR based Apache Tomcat Native library which allows optimal performance in production environments was not found on the java.library.path: [C:\Program Files\Java\jdk1.8.0_211\bin;C:\Windows\Sun\Java\bin;C:\Windows\system32;C:\Windows;C:\Program Files (x86)\Common Files\Oracle\Java\javapath;C:\Program Files\nodejs\;C:\Program Files (x86)\Yarn\bin\;C:\Maven\apache-maven-3.6.1-bin\apache-maven-3.6.1\bin;C:\Users\Hafsa\AppData\Local\Android\Sdk\platforms;C:\Users\Hafsa\AppData\Local\Android\Sdk\platform-tools;C:\Program Files\Docker\Docker\resources\bin;C:\Program Files\Git\bin;C:\Users\Hafsa\AppData\Local\Programs\Python\Python36\Scripts\;C:\Users\Hafsa\AppData\Local\Programs\Python\Python36\;C:\Users\Hafsa\AppData\Local\Microsoft\WindowsApps;C:\Program Files\JetBrains\IntelliJ IDEA Community Edition 2019.1.2\bin;;C:\Gradle\gradle-5.5\bin;C:\Users\Hafsa\AppData\Roaming\npm;C:\Users\Hafsa\AppData\Local\Yarn\bin;.]
[INFO ] 2019-07-29T05:43:50,962 [localhost-startStop-1] [/] - Initializing Spring embedded WebApplicationContext
[INFO ] 2019-07-29T05:43:50,962 [localhost-startStop-1] ContextLoader - Root WebApplicationContext: initialization completed in 1559 ms
[INFO ] 2019-07-29T05:43:51,078 [localhost-startStop-1] ServletRegistrationBean - Servlet dispatcherServlet mapped to [/]
[INFO ] 2019-07-29T05:43:51,078 [localhost-startStop-1] FilterRegistrationBean - Mapping filter: 'characterEncodingFilter' to: [/*]
[INFO ] 2019-07-29T05:43:51,078 [localhost-startStop-1] FilterRegistrationBean - Mapping filter: 'hiddenHttpMethodFilter' to: [/*]
[INFO ] 2019-07-29T05:43:51,078 [localhost-startStop-1] FilterRegistrationBean - Mapping filter: 'httpPutFormContentFilter' to: [/*]
[INFO ] 2019-07-29T05:43:51,078 [localhost-startStop-1] FilterRegistrationBean - Mapping filter: 'requestContextFilter' to: [/*]
[INFO ] 2019-07-29T05:43:53,400 [main] RPCClient - Startup took 1514 msec
[INFO ] 2019-07-29T05:43:53,500 [main] SimpleUrlHandlerMapping - Mapped URL path [/**/favicon.ico] onto handler of type [class org.springframework.web.servlet.resource.ResourceHttpRequestHandler]
[INFO ] 2019-07-29T05:43:53,716 [main] RequestMappingHandlerAdapter - Looking for @ControllerAdvice: org.springframework.boot.web.servlet.context.AnnotationConfigServletWebServerApplicationContext@10fde30a: startup date [Mon Jul 29 10:43:49 PKT 2019]; root of context hierarchy
[INFO ] 2019-07-29T05:43:53,801 [main] RequestMappingHandlerMapping - Mapped "{[/test_status],methods=[GET],produces=[text/plain]}" onto private final java.lang.String com.template.webserver.Controller.test_status()
[INFO ] 2019-07-29T05:43:53,816 [main] RequestMappingHandlerMapping - Mapped "{[/templateendpoint],methods=[GET],produces=[text/plain]}" onto private final java.lang.String com.template.webserver.Controller.templateendpoint()
[INFO ] 2019-07-29T05:43:53,816 [main] RequestMappingHandlerMapping - Mapped "{[/states_details],methods=[GET],produces=[text/plain]}" onto private final java.lang.String com.template.webserver.Controller.states_details()
[INFO ] 2019-07-29T05:43:53,816 [main] RequestMappingHandlerMapping - Mapped "{[/flow_details],methods=[GET],produces=[text/plain]}" onto private final java.lang.String com.template.webserver.Controller.flow_details()
[INFO ] 2019-07-29T05:43:53,816 [main] RequestMappingHandlerMapping - Mapped "{[/custom/customendpoint],methods=[GET],produces=[text/plain]}" onto private final java.lang.String com.template.webserver.CustomController.status()
[INFO ] 2019-07-29T05:43:53,816 [main] RequestMappingHandlerMapping - Mapped "{[/status],methods=[GET],produces=[text/plain]}" onto private final java.lang.String com.template.webserver.StandardController.status()
[INFO ] 2019-07-29T05:43:53,816 [main] RequestMappingHandlerMapping - Mapped "{[/addresses],methods=[GET],produces=[text/plain]}" onto private final java.lang.String com.template.webserver.StandardController.addresses()
[INFO ] 2019-07-29T05:43:53,816 [main] RequestMappingHandlerMapping - Mapped "{[/states],methods=[GET],produces=[text/plain]}" onto private final java.lang.String com.template.webserver.StandardController.states()
[INFO ] 2019-07-29T05:43:53,816 [main] RequestMappingHandlerMapping - Mapped "{[/platformversion],methods=[GET],produces=[text/plain]}" onto private final java.lang.String com.template.webserver.StandardController.platformVersion()
[INFO ] 2019-07-29T05:43:53,816 [main] RequestMappingHandlerMapping - Mapped "{[/servertime],methods=[GET],produces=[text/plain]}" onto private final java.lang.String com.template.webserver.StandardController.serverTime()
[INFO ] 2019-07-29T05:43:53,816 [main] RequestMappingHandlerMapping - Mapped "{[/identities],methods=[GET],produces=[text/plain]}" onto private final java.lang.String com.template.webserver.StandardController.identities()
[INFO ] 2019-07-29T05:43:53,816 [main] RequestMappingHandlerMapping - Mapped "{[/peers],methods=[GET],produces=[text/plain]}" onto private final java.lang.String com.template.webserver.StandardController.peers()
[INFO ] 2019-07-29T05:43:53,816 [main] RequestMappingHandlerMapping - Mapped "{[/notaries],methods=[GET],produces=[text/plain]}" onto private final java.lang.String com.template.webserver.StandardController.notaries()
[INFO ] 2019-07-29T05:43:53,816 [main] RequestMappingHandlerMapping - Mapped "{[/flows],methods=[GET],produces=[text/plain]}" onto private final java.lang.String com.template.webserver.StandardController.flows()
[INFO ] 2019-07-29T05:43:53,816 [main] RequestMappingHandlerMapping - Mapped "{[/error]}" onto public org.springframework.http.ResponseEntity<java.util.Map<java.lang.String, java.lang.Object>> org.springframework.boot.autoconfigure.web.servlet.error.BasicErrorController.error(javax.servlet.http.HttpServletRequest)
[INFO ] 2019-07-29T05:43:53,816 [main] RequestMappingHandlerMapping - Mapped "{[/error],produces=[text/html]}" onto public org.springframework.web.servlet.ModelAndView org.springframework.boot.autoconfigure.web.servlet.error.BasicErrorController.errorHtml(javax.servlet.http.HttpServletRequest,javax.servlet.http.HttpServletResponse)
[INFO ] 2019-07-29T05:43:53,854 [main] SimpleUrlHandlerMapping - Mapped URL path [/webjars/**] onto handler of type [class org.springframework.web.servlet.resource.ResourceHttpRequestHandler]
[INFO ] 2019-07-29T05:43:53,854 [main] SimpleUrlHandlerMapping - Mapped URL path [/**] onto handler of type [class org.springframework.web.servlet.resource.ResourceHttpRequestHandler]
[INFO ] 2019-07-29T05:43:53,917 [main] WelcomePageHandlerMapping - Adding welcome page: class path resource [static/index.html]
[INFO ] 2019-07-29T05:43:54,055 [main] AnnotationMBeanExporter - Registering beans for JMX exposure on startup
[INFO ] 2019-07-29T05:43:54,071 [main] Http11NioProtocol - Starting ProtocolHandler ["http-nio-11006"]
[INFO ] 2019-07-29T05:43:54,071 [main] NioSelectorPool - Using a shared selector for servlet write/read
[INFO ] 2019-07-29T05:43:54,086 [main] TomcatWebServer - Tomcat started on port(s): 11006 (http) with context path ''
[INFO ] 2019-07-29T05:43:54,086 [main] ServerKt - Started ServerKt in 6.218 seconds (JVM running for 6.989)
[INFO ] 2019-07-29T05:43:59,297 [http-nio-11006-exec-1] [/] - Initializing Spring FrameworkServlet 'dispatcherServlet'
[INFO ] 2019-07-29T05:43:59,297 [http-nio-11006-exec-1] DispatcherServlet - FrameworkServlet 'dispatcherServlet': initialization started
[INFO ] 2019-07-29T05:43:59,317 [http-nio-11006-exec-1] DispatcherServlet - FrameworkServlet 'dispatcherServlet': initialization completed in 20 ms
[WARN ] 2019-07-29T05:54:22,800 [Thread-4 (ActiveMQ-client-global-threads)] RPCClientProxyHandler - Terminating observables.
